<?xml version="1.0" encoding="UTF-8"?>
<!-- Generated by org.testng.reporters.JUnitReportReporter -->
<testsuite hostname="IN-J3NN6S3" failures="0" tests="1" name="com.flipkart.qa.testcases.SearchAndFilterTest" time="32.679" errors="0" timestamp="2024-03-02T21:25:57 IST" skipped="0">
  <testcase classname="com.flipkart.qa.testcases.SearchAndFilterTest" name="searchTest" time="32.679"/>
</testsuite> <!-- com.flipkart.qa.testcases.SearchAndFilterTest -->
